<?xml version="1.0" encoding="utf-8"?><testsuites name="pytest tests"><testsuite name="pytest" errors="0" failures="0" skipped="1" tests="43" time="11.899" timestamp="2026-07-20T20:00:53.334827+00:00" hostname="agent-env-3d5517b4-b807-496e-8455-98dad71466bd"><testcase classname="tests.backend_test.TestAdminAuth" name="test_login_success" time="0.197" /><testcase classname="tests.backend_test.TestSitemapRobots" name="test_frontend_static_sitemap_index" time="0.187" /><testcase classname="tests.backend_test.TestSitemapRobots" name="test_frontend_robots_txt" time="0.051" /><testcase classname="tests.backend_test.TestAdminAuth" name="test_login_wrong_password" time="0.052" /><testcase classname="tests.backend_test.TestSitemapRobots" name="test_api_sitemap_status_and_content_type" time="0.055" /><testcase classname="tests.backend_test.TestAdminAuth" name="test_verify_without_token_401" time="0.095" /><testcase classname="tests.backend_test.TestSitemapRobots" name="test_api_sitemap_uses_request_host" time="0.052" /><testcase classname="tests.backend_test.TestSitemapRobots" name="test_api_sitemap_contains_all_sections" time="0.053" /><testcase classname="tests.backend_test.TestAdminAuth" name="test_verify_with_token_ok" time="0.151" /><testcase classname="tests.backend_test.TestSitemapRobots" name="test_api_sitemap_url_count_gte_90" time="0.052" /><testcase classname="tests.backend_test.TestSitemapRobots" name="test_api_sitemap_excludes_admin" time="0.053" /><testcase classname="tests.backend_test.TestAdminAuth" name="test_admin_pages_requires_token" time="0.088" /><testcase classname="tests.backend_test.TestSitemapRobots" name="test_api_sitemap_includes_published_pages" time="0.463" /><testcase classname="tests.backend_test.TestAdminAuth" name="test_admin_config_requires_token" time="0.049" /><testcase classname="tests.backend_test.TestAdminAuth" name="test_admin_tools_put_requires_token" time="0.052" /><testcase classname="tests.backend_test.TestPublicMeta" name="test_config_public" time="0.053" /><testcase classname="tests.backend_test.TestPublicMeta" name="test_list_pages_public" time="0.049" /><testcase classname="tests.backend_test.TestPublicMeta" name="test_tool_overrides_public" time="0.049" /><testcase classname="tests.backend_test.TestPublicMeta" name="test_get_page_404_when_missing" time="0.048" /><testcase classname="tests.backend_test.TestExternal" name="test_prayer_default_riyadh" time="0.000"><skipped type="pytest.skip" message="REGRESSION: /api/prayer-times endpoint removed from server.py in iteration 6 — flagged to main agent">/app/backend/tests/backend_test.py:88: REGRESSION: /api/prayer-times endpoint removed from server.py in iteration 6 — flagged to main agent</skipped></testcase><testcase classname="tests.backend_test.TestExternal" name="test_currency_default_sar" time="0.213" /><testcase classname="tests.backend_test.TestSitemapRobots" name="test_api_robots_txt_dynamic" time="0.053" /><testcase classname="tests.backend_test.TestSmartFetch" name="test_smart_fetch_requires_auth" time="0.056" /><testcase classname="tests.backend_test.TestSmartFetch" name="test_smart_fetch_save_requires_auth" time="0.094" /><testcase classname="tests.backend_test.TestExternal" name="test_gold_price_realistic" time="0.106" /><testcase classname="tests.backend_test.TestSmartFetch" name="test_smart_fetch_example_com" time="0.334" /><testcase classname="tests.backend_test.TestTrackingAndStats" name="test_track_tool_is_public_no_auth" time="0.051" /><testcase classname="tests.backend_test.TestTrackingAndStats" name="test_track_increments_and_stats_reflects" time="0.268" /><testcase classname="tests.backend_test.TestSmartFetch" name="test_smart_fetch_invalid_url_returns_error_arabic" time="0.294" /><testcase classname="tests.backend_test.TestTrackingAndStats" name="test_admin_stats_requires_token" time="0.049" /><testcase classname="tests.backend_test.TestContact" name="test_create_contact_persists" time="0.059" /><testcase classname="tests.backend_test.TestContact" name="test_contact_invalid_email_returns_422" time="0.052" /><testcase classname="tests.backend_test.TestAdminPages" name="test_create_get_update_delete_page" time="0.522" /><testcase classname="tests.backend_test.TestSmartFetch" name="test_smart_fetch_short_content_returns_422" time="0.638" /><testcase classname="tests.backend_test.TestAdminPages" name="test_duplicate_slug_400" time="0.315" /><testcase classname="tests.backend_test.TestSmartFetch" name="test_smart_fetch_save_creates_public_page" time="0.442" /><testcase classname="tests.backend_test.TestAdminConfig" name="test_put_and_public_get" time="0.213" /><testcase classname="tests.backend_test.TestAdminConfig" name="test_admin_contacts_requires_token" time="0.188" /><testcase classname="tests.backend_test.TestAI" name="test_ai_bio" time="5.644" /><testcase classname="tests.backend_test.TestHealth" name="test_root" time="0.103" /><testcase classname="tests.backend_test.TestAdminToolOverride" name="test_upsert_and_delete_override" time="0.223" /><testcase classname="tests.backend_test.TestAI" name="test_ai_tashkeel" time="2.122" /><testcase classname="tests.backend_test.TestSmartFetchDuplicate" name="test_smart_fetch_save_duplicate_slug_no_crash" time="0.837" /></testsuite></testsuites>