<?xml version="1.0" encoding="utf-8"?><testsuites name="pytest tests"><testsuite name="pytest" errors="0" failures="0" skipped="0" tests="7" time="2.654" timestamp="2026-07-19T14:22:06.937705+00:00" hostname="agent-env-3d5517b4-b807-496e-8455-98dad71466bd"><testcase classname="tests.backend_test.TestSmartFetch" name="test_smart_fetch_requires_auth" time="0.207" /><testcase classname="tests.backend_test.TestSmartFetch" name="test_smart_fetch_save_requires_auth" time="0.051" /><testcase classname="tests.backend_test.TestSmartFetch" name="test_smart_fetch_example_com" time="0.624" /><testcase classname="tests.backend_test.TestSmartFetch" name="test_smart_fetch_invalid_url_returns_error_arabic" time="0.228" /><testcase classname="tests.backend_test.TestSmartFetch" name="test_smart_fetch_short_content_returns_422" time="0.444" /><testcase classname="tests.backend_test.TestSmartFetch" name="test_smart_fetch_save_creates_public_page" time="0.330" /><testcase classname="tests.backend_test.TestSmartFetch" name="test_smart_fetch_save_duplicate_slug_no_crash" time="0.382" /></testsuite></testsuites>