<?xml version="1.0" encoding="utf-8"?><testsuites name="pytest tests"><testsuite name="pytest" errors="0" failures="0" skipped="0" tests="9" time="1.621" timestamp="2026-07-19T10:09:20.163385+00:00" hostname="agent-env-3d5517b4-b807-496e-8455-98dad71466bd"><testcase classname="tests.backend_test.TestContact" name="test_create_contact_persists" time="0.259" /><testcase classname="tests.backend_test.TestPrayerTimes" name="test_prayer_default_riyadh" time="0.559" /><testcase classname="tests.backend_test.TestContact" name="test_contact_missing_fields_returns_422" time="0.055" /><testcase classname="tests.backend_test.TestContact" name="test_contact_invalid_email_returns_422" time="0.044" /><testcase classname="tests.backend_test.TestHealth" name="test_root" time="0.043" /><testcase classname="tests.backend_test.TestGoldPrice" name="test_gold_price_shape" time="0.154" /><testcase classname="tests.backend_test.TestPrayerTimes" name="test_prayer_custom_city" time="0.253" /><testcase classname="tests.backend_test.TestCurrency" name="test_currency_default_sar" time="0.153" /><testcase classname="tests.backend_test.TestCurrency" name="test_currency_base_usd" time="0.111" /></testsuite></testsuites>